c:\users\user\documents\data-structure-lab-2026-4\lec04_array_class\lec04_array_class\x64\debug\vc143.pdb
c:\users\user\documents\data-structure-lab-2026-4\lec04_array_class\lec04_array_class\x64\debug\vc143.idb
c:\users\user\documents\data-structure-lab-2026-4\lec04_array_class\lec04_array_class\x64\debug\complextest.obj
c:\users\user\desktop\data-structure-lab-2026-4\lec04_array_class\lec04_array_class\x64\debug\complextest.obj
c:\users\user\desktop\data-structure-lab-2026-4\lec04_array_class\lec04_array_class\x64\debug\vc143.idb
c:\users\user\desktop\data-structure-lab-2026-4\lec04_array_class\lec04_array_class\x64\debug\vc143.pdb
c:\users\user\desktop\data-structure-lab-2026-4\lec04_array_class\x64\debug\lec04_array_class.pdb
c:\users\user\desktop\data-structure-lab-2026-4\lec04_array_class\lec04_array_class\x64\debug\lec04_ar.4412362e.tlog\cl.command.1.tlog
c:\users\user\desktop\data-structure-lab-2026-4\lec04_array_class\lec04_array_class\x64\debug\lec04_ar.4412362e.tlog\cl.items.tlog
c:\users\user\desktop\data-structure-lab-2026-4\lec04_array_class\lec04_array_class\x64\debug\lec04_ar.4412362e.tlog\cl.read.1.tlog
c:\users\user\desktop\data-structure-lab-2026-4\lec04_array_class\lec04_array_class\x64\debug\lec04_ar.4412362e.tlog\cl.write.1.tlog
c:\users\user\desktop\data-structure-lab-2026-4\lec04_array_class\lec04_array_class\x64\debug\lec04_ar.4412362e.tlog\link-cvtres.read.1.tlog
c:\users\user\desktop\data-structure-lab-2026-4\lec04_array_class\lec04_array_class\x64\debug\lec04_ar.4412362e.tlog\link-cvtres.write.1.tlog
c:\users\user\desktop\data-structure-lab-2026-4\lec04_array_class\lec04_array_class\x64\debug\lec04_ar.4412362e.tlog\link-rc.read.1.tlog
c:\users\user\desktop\data-structure-lab-2026-4\lec04_array_class\lec04_array_class\x64\debug\lec04_ar.4412362e.tlog\link-rc.write.1.tlog
c:\users\user\desktop\data-structure-lab-2026-4\lec04_array_class\lec04_array_class\x64\debug\lec04_ar.4412362e.tlog\link.15232-cvtres.read.1.tlog
c:\users\user\desktop\data-structure-lab-2026-4\lec04_array_class\lec04_array_class\x64\debug\lec04_ar.4412362e.tlog\link.15232-cvtres.write.1.tlog
c:\users\user\desktop\data-structure-lab-2026-4\lec04_array_class\lec04_array_class\x64\debug\lec04_ar.4412362e.tlog\link.15232-rc.read.1.tlog
c:\users\user\desktop\data-structure-lab-2026-4\lec04_array_class\lec04_array_class\x64\debug\lec04_ar.4412362e.tlog\link.15232-rc.write.1.tlog
c:\users\user\desktop\data-structure-lab-2026-4\lec04_array_class\lec04_array_class\x64\debug\lec04_ar.4412362e.tlog\link.15232.read.1.tlog
c:\users\user\desktop\data-structure-lab-2026-4\lec04_array_class\lec04_array_class\x64\debug\lec04_ar.4412362e.tlog\link.15232.read.2.tlog
c:\users\user\desktop\data-structure-lab-2026-4\lec04_array_class\lec04_array_class\x64\debug\lec04_ar.4412362e.tlog\link.15232.read.3.tlog
c:\users\user\desktop\data-structure-lab-2026-4\lec04_array_class\lec04_array_class\x64\debug\lec04_ar.4412362e.tlog\link.15232.read.4.tlog
c:\users\user\desktop\data-structure-lab-2026-4\lec04_array_class\lec04_array_class\x64\debug\lec04_ar.4412362e.tlog\link.15232.write.1.tlog
c:\users\user\desktop\data-structure-lab-2026-4\lec04_array_class\lec04_array_class\x64\debug\lec04_ar.4412362e.tlog\link.command.1.tlog
c:\users\user\desktop\data-structure-lab-2026-4\lec04_array_class\lec04_array_class\x64\debug\lec04_ar.4412362e.tlog\link.read.1.tlog
c:\users\user\desktop\data-structure-lab-2026-4\lec04_array_class\lec04_array_class\x64\debug\lec04_ar.4412362e.tlog\link.read.2.tlog
c:\users\user\desktop\data-structure-lab-2026-4\lec04_array_class\lec04_array_class\x64\debug\lec04_ar.4412362e.tlog\link.read.3.tlog
c:\users\user\desktop\data-structure-lab-2026-4\lec04_array_class\lec04_array_class\x64\debug\lec04_ar.4412362e.tlog\link.read.4.tlog
c:\users\user\desktop\data-structure-lab-2026-4\lec04_array_class\lec04_array_class\x64\debug\lec04_ar.4412362e.tlog\link.read.5.tlog
c:\users\user\desktop\data-structure-lab-2026-4\lec04_array_class\lec04_array_class\x64\debug\lec04_ar.4412362e.tlog\link.write.1.tlog
